<?xml version="1.0" encoding="UTF-8"?>
<!-- Generated by org.testng.reporters.JUnitReportReporter -->
<testsuite hostname="DESKTOP-7I3TV69" failures="0" tests="1" name="com.framework.tests.CheckBoxTest" time="4.280" errors="0" timestamp="2025-06-27T18:17:06 IST" skipped="0">
  <testcase classname="com.framework.tests.CheckBoxTest" name="testCheckBoxSelection" time="4.280">
    <system-out>
      <![CDATA[Waiting for page to load completely
Clicking element: By.cssSelector: button[title='Expand all']
Clicking element: By.cssSelector: span[class='rct-title']]]>
    </system-out>
  </testcase> <!-- testCheckBoxSelection -->
  <system-out>
    <![CDATA[Waiting for page to load completely
Typing 'Abdul Mateen' into: By.id: userName
Typing 'abdul.mateen@testmail.com' into: By.id: userEmail
Typing 'Hyderabad, India' into: By.id: currentAddress
Typing 'Bangalore, India' into: By.id: permanentAddress
Clicking element: By.id: submit
Waiting for page to load completely
Clicking element: By.cssSelector: button[title='Expand all']
Clicking element: By.cssSelector: span[class='rct-title']]]>
  </system-out>
</testsuite> <!-- com.framework.tests.CheckBoxTest -->
